
INFO [2024-01-18T19:46:58.183Z]: Set User: jake@onchaininnovation.com
INFO [2024-01-18T19:46:58.183Z]: {"Telemetry":true}
INFO [2024-01-18T19:46:58.655Z]: extension_initialized
INFO [2024-01-18T19:46:58.655Z]: {"timeToInit":3177,"agent":"cosine-vscode","version":"1.1.2","package":"@cosine/analytics"}
INFO [2024-01-23T17:33:15.714Z]: Set User: jake@onchaininnovation.com
INFO [2024-01-23T17:33:15.714Z]: {"Telemetry":true}
INFO [2024-01-23T17:33:16.205Z]: extension_initialized
INFO [2024-01-23T17:33:16.205Z]: {"timeToInit":6846,"agent":"cosine-vscode","version":"1.1.2","package":"@cosine/analytics"}
INFO [2024-01-23T18:19:47.897Z]: Set User: jake@onchaininnovation.com
INFO [2024-01-23T18:19:47.897Z]: {"Telemetry":true}
INFO [2024-01-23T18:19:48.426Z]: extension_initialized
INFO [2024-01-23T18:19:48.426Z]: {"timeToInit":2593,"agent":"cosine-vscode","version":"1.1.2","package":"@cosine/analytics"}
INFO [2024-01-23T18:20:35.215Z]: Set User: jake@onchaininnovation.com
INFO [2024-01-23T18:20:35.215Z]: {"Telemetry":true}
INFO [2024-01-23T18:20:35.620Z]: extension_initialized
INFO [2024-01-23T18:20:35.620Z]: {"timeToInit":2316,"agent":"cosine-vscode","version":"1.1.2","package":"@cosine/analytics"}
INFO [2024-01-23T18:20:41.273Z]: project_languages
INFO [2024-01-23T18:20:41.273Z]: {"languages":["Golang","C"],"agent":"cosine-vscode","version":"1.1.2","package":"@cosine/analytics"}
INFO [2024-01-23T18:20:44.099Z]: project_initialize_start
INFO [2024-01-23T18:20:44.099Z]: {"name":"ubsv_ipv6_multicast","languages":["C","Golang","JSON"],"ignored":["!.vscode/*.code-snippets","!.vscode/extensions.json","!.vscode/launch.json","!.vscode/settings.json","!.vscode/tasks.json","$RECYCLE.BIN/","*.a","*.app","*.cab","*.cmd","*.d","*.dSYM/","*.dll","*.dylib","*.elf","*.exe","*.exe~","*.exp","*.gch","*.hex","*.i*86","*.idb","*.ilk","*.ko","*.la","*.lib","*.lnk","*.lo","*.map","*.mod*","*.msi","*.msix","*.msm","*.msp","*.o","*.obj","*.out","*.pch","*.pdb","*.so","*.so.*","*.stackdump","*.su","*.test","*.vsix","*.x86_64","*~",".AppleDB",".AppleDesktop",".AppleDouble",".DS_Store",".DocumentRevisions-V100",".LSOverride",".Spotlight-V100",".TemporaryItems",".Trash-*",".Trashes",".VolumeIcon.icns","._*",".apdisk",".com.apple.timemachine.donotpresent",".cosine",".directory",".fseventsd",".fuse_hidden*",".git",".github",".history/",".nfs*",".tmp_versions/",".vscode/*","Icon","Mkfile.old","Module.symvers","Network Trash Folder","Temporary Items","Thumbs.db","Thumbs.db:encryptable","[Dd]esktop.ini","dkms.conf","ehthumbs.db","ehthumbs_vista.db","go.work","modules.order"],"agent":"cosine-vscode","version":"1.1.2","package":"@cosine/analytics"}
INFO [2024-01-23T18:21:17.628Z]: project_initialize_success
INFO [2024-01-23T18:21:17.628Z]: {"name":"ubsv_ipv6_multicast","languages":["C","Golang","JSON"],"ignored":["!.vscode/*.code-snippets","!.vscode/extensions.json","!.vscode/launch.json","!.vscode/settings.json","!.vscode/tasks.json","$RECYCLE.BIN/","*.a","*.app","*.cab","*.cmd","*.d","*.dSYM/","*.dll","*.dylib","*.elf","*.exe","*.exe~","*.exp","*.gch","*.hex","*.i*86","*.idb","*.ilk","*.ko","*.la","*.lib","*.lnk","*.lo","*.map","*.mod*","*.msi","*.msix","*.msm","*.msp","*.o","*.obj","*.out","*.pch","*.pdb","*.so","*.so.*","*.stackdump","*.su","*.test","*.vsix","*.x86_64","*~",".AppleDB",".AppleDesktop",".AppleDouble",".DS_Store",".DocumentRevisions-V100",".LSOverride",".Spotlight-V100",".TemporaryItems",".Trash-*",".Trashes",".VolumeIcon.icns","._*",".apdisk",".com.apple.timemachine.donotpresent",".cosine",".directory",".fseventsd",".fuse_hidden*",".git",".github",".history/",".nfs*",".tmp_versions/",".vscode/*","Icon","Mkfile.old","Module.symvers","Network Trash Folder","Temporary Items","Thumbs.db","Thumbs.db:encryptable","[Dd]esktop.ini","dkms.conf","ehthumbs.db","ehthumbs_vista.db","go.work","modules.order"],"agent":"cosine-vscode","version":"1.1.2","package":"@cosine/analytics"}
INFO [2024-01-23T18:21:42.679Z]: question_start
INFO [2024-01-23T18:21:42.680Z]: {"prompt":"Are there any security considerations in handling multicast traffic in this project?","agent":"cosine-vscode","version":"1.1.2","package":"@cosine/analytics"}
INFO [2024-01-23T18:21:43.508Z]: tool_selected
INFO [2024-01-23T18:21:43.508Z]: {"tool":"project_overview","agent":"cosine-vscode","version":"1.1.2","package":"@cosine/analytics"}
INFO [2024-01-23T18:21:48.476Z]: question_success
INFO [2024-01-23T18:21:48.476Z]: {"prompt":"Are there any security considerations in handling multicast traffic in this project?","agent":"cosine-vscode","version":"1.1.2","package":"@cosine/analytics"}
INFO [2024-01-24T18:32:55.320Z]: project_reinitialize_start
INFO [2024-01-24T18:32:55.320Z]: {"agent":"cosine-vscode","version":"1.1.2","package":"@cosine/analytics"}
INFO [2024-01-24T18:33:00.726Z]: project_reinitialize_success
INFO [2024-01-24T18:33:00.726Z]: {"agent":"cosine-vscode","version":"1.1.2","package":"@cosine/analytics"}
INFO [2024-01-24T18:33:21.015Z]: project_reinitialize_start
INFO [2024-01-24T18:33:21.015Z]: {"agent":"cosine-vscode","version":"1.1.2","package":"@cosine/analytics"}
INFO [2024-01-24T18:33:21.222Z]: project_reinitialize_success
INFO [2024-01-24T18:33:21.222Z]: {"agent":"cosine-vscode","version":"1.1.2","package":"@cosine/analytics"}
INFO [2024-01-25T11:30:41.957Z]: project_reinitialize_start
INFO [2024-01-25T11:30:41.957Z]: {"agent":"cosine-vscode","version":"1.1.2","package":"@cosine/analytics"}
INFO [2024-01-25T11:30:41.968Z]: project_reinitialize_start
INFO [2024-01-25T11:30:41.968Z]: {"agent":"cosine-vscode","version":"1.1.2","package":"@cosine/analytics"}
INFO [2024-01-25T11:30:41.979Z]: project_reinitialize_start
INFO [2024-01-25T11:30:41.979Z]: {"agent":"cosine-vscode","version":"1.1.2","package":"@cosine/analytics"}
INFO [2024-01-25T11:30:41.990Z]: project_reinitialize_start
INFO [2024-01-25T11:30:41.990Z]: {"agent":"cosine-vscode","version":"1.1.2","package":"@cosine/analytics"}
INFO [2024-01-25T11:30:42.001Z]: project_reinitialize_start
INFO [2024-01-25T11:30:42.001Z]: {"agent":"cosine-vscode","version":"1.1.2","package":"@cosine/analytics"}
INFO [2024-01-25T11:30:42.011Z]: project_reinitialize_start
INFO [2024-01-25T11:30:42.011Z]: {"agent":"cosine-vscode","version":"1.1.2","package":"@cosine/analytics"}
INFO [2024-01-25T11:30:42.022Z]: project_reinitialize_start
INFO [2024-01-25T11:30:42.022Z]: {"agent":"cosine-vscode","version":"1.1.2","package":"@cosine/analytics"}
INFO [2024-01-25T11:30:42.033Z]: project_reinitialize_start
INFO [2024-01-25T11:30:42.033Z]: {"agent":"cosine-vscode","version":"1.1.2","package":"@cosine/analytics"}
INFO [2024-01-25T11:30:42.043Z]: project_reinitialize_start
INFO [2024-01-25T11:30:42.043Z]: {"agent":"cosine-vscode","version":"1.1.2","package":"@cosine/analytics"}
INFO [2024-01-25T11:30:42.054Z]: project_reinitialize_start
INFO [2024-01-25T11:30:42.054Z]: {"agent":"cosine-vscode","version":"1.1.2","package":"@cosine/analytics"}
INFO [2024-01-25T11:30:42.064Z]: project_reinitialize_start
INFO [2024-01-25T11:30:42.064Z]: {"agent":"cosine-vscode","version":"1.1.2","package":"@cosine/analytics"}
INFO [2024-01-25T11:30:42.075Z]: project_reinitialize_start
INFO [2024-01-25T11:30:42.075Z]: {"agent":"cosine-vscode","version":"1.1.2","package":"@cosine/analytics"}
INFO [2024-01-25T11:30:42.086Z]: project_reinitialize_start
INFO [2024-01-25T11:30:42.086Z]: {"agent":"cosine-vscode","version":"1.1.2","package":"@cosine/analytics"}
INFO [2024-01-25T11:30:42.096Z]: project_reinitialize_start
INFO [2024-01-25T11:30:42.096Z]: {"agent":"cosine-vscode","version":"1.1.2","package":"@cosine/analytics"}
INFO [2024-01-25T11:30:42.108Z]: project_reinitialize_start
INFO [2024-01-25T11:30:42.108Z]: {"agent":"cosine-vscode","version":"1.1.2","package":"@cosine/analytics"}
INFO [2024-01-25T11:30:42.119Z]: project_reinitialize_start
INFO [2024-01-25T11:30:42.119Z]: {"agent":"cosine-vscode","version":"1.1.2","package":"@cosine/analytics"}
INFO [2024-01-25T11:30:56.771Z]: project_reinitialize_success
INFO [2024-01-25T11:30:56.772Z]: {"agent":"cosine-vscode","version":"1.1.2","package":"@cosine/analytics"}
INFO [2024-01-25T11:30:57.026Z]: project_reinitialize_success
INFO [2024-01-25T11:30:57.026Z]: {"agent":"cosine-vscode","version":"1.1.2","package":"@cosine/analytics"}
INFO [2024-01-25T11:30:57.265Z]: project_reinitialize_success
INFO [2024-01-25T11:30:57.265Z]: {"agent":"cosine-vscode","version":"1.1.2","package":"@cosine/analytics"}
INFO [2024-01-25T11:30:57.522Z]: project_reinitialize_success
INFO [2024-01-25T11:30:57.522Z]: {"agent":"cosine-vscode","version":"1.1.2","package":"@cosine/analytics"}
INFO [2024-01-25T11:30:57.766Z]: project_reinitialize_success
INFO [2024-01-25T11:30:57.767Z]: {"agent":"cosine-vscode","version":"1.1.2","package":"@cosine/analytics"}
INFO [2024-01-25T11:30:58.015Z]: project_reinitialize_success
INFO [2024-01-25T11:30:58.015Z]: {"agent":"cosine-vscode","version":"1.1.2","package":"@cosine/analytics"}
INFO [2024-01-25T11:30:58.272Z]: project_reinitialize_success
INFO [2024-01-25T11:30:58.272Z]: {"agent":"cosine-vscode","version":"1.1.2","package":"@cosine/analytics"}
INFO [2024-01-25T11:30:58.521Z]: project_reinitialize_success
INFO [2024-01-25T11:30:58.521Z]: {"agent":"cosine-vscode","version":"1.1.2","package":"@cosine/analytics"}
INFO [2024-01-25T11:30:58.775Z]: project_reinitialize_success
INFO [2024-01-25T11:30:58.775Z]: {"agent":"cosine-vscode","version":"1.1.2","package":"@cosine/analytics"}
INFO [2024-01-25T11:30:59.020Z]: project_reinitialize_success
INFO [2024-01-25T11:30:59.020Z]: {"agent":"cosine-vscode","version":"1.1.2","package":"@cosine/analytics"}
INFO [2024-01-25T11:30:59.290Z]: project_reinitialize_success
INFO [2024-01-25T11:30:59.290Z]: {"agent":"cosine-vscode","version":"1.1.2","package":"@cosine/analytics"}
INFO [2024-01-25T11:30:59.539Z]: project_reinitialize_success
INFO [2024-01-25T11:30:59.539Z]: {"agent":"cosine-vscode","version":"1.1.2","package":"@cosine/analytics"}
INFO [2024-01-25T11:30:59.794Z]: project_reinitialize_success
INFO [2024-01-25T11:30:59.794Z]: {"agent":"cosine-vscode","version":"1.1.2","package":"@cosine/analytics"}
INFO [2024-01-25T11:31:00.033Z]: project_reinitialize_success
INFO [2024-01-25T11:31:00.033Z]: {"agent":"cosine-vscode","version":"1.1.2","package":"@cosine/analytics"}
INFO [2024-01-25T11:31:00.300Z]: project_reinitialize_success
INFO [2024-01-25T11:31:00.300Z]: {"agent":"cosine-vscode","version":"1.1.2","package":"@cosine/analytics"}
INFO [2024-01-25T11:31:00.550Z]: project_reinitialize_success
INFO [2024-01-25T11:31:00.550Z]: {"agent":"cosine-vscode","version":"1.1.2","package":"@cosine/analytics"}
INFO [2024-01-25T11:32:30.105Z]: project_reinitialize_start
INFO [2024-01-25T11:32:30.105Z]: {"agent":"cosine-vscode","version":"1.1.2","package":"@cosine/analytics"}
INFO [2024-01-25T11:32:30.374Z]: project_reinitialize_start
INFO [2024-01-25T11:32:30.374Z]: {"agent":"cosine-vscode","version":"1.1.2","package":"@cosine/analytics"}
INFO [2024-01-25T11:32:32.215Z]: project_reinitialize_start
INFO [2024-01-25T11:32:32.216Z]: {"agent":"cosine-vscode","version":"1.1.2","package":"@cosine/analytics"}
INFO [2024-01-25T11:32:32.917Z]: project_reinitialize_start
INFO [2024-01-25T11:32:32.917Z]: {"agent":"cosine-vscode","version":"1.1.2","package":"@cosine/analytics"}
INFO [2024-01-25T11:32:32.930Z]: project_reinitialize_start
INFO [2024-01-25T11:32:32.930Z]: {"agent":"cosine-vscode","version":"1.1.2","package":"@cosine/analytics"}
INFO [2024-01-25T11:32:33.439Z]: project_reinitialize_start
INFO [2024-01-25T11:32:33.439Z]: {"agent":"cosine-vscode","version":"1.1.2","package":"@cosine/analytics"}
INFO [2024-01-25T11:32:33.451Z]: project_reinitialize_start
INFO [2024-01-25T11:32:33.451Z]: {"agent":"cosine-vscode","version":"1.1.2","package":"@cosine/analytics"}
INFO [2024-01-25T11:32:33.675Z]: project_reinitialize_start
INFO [2024-01-25T11:32:33.675Z]: {"agent":"cosine-vscode","version":"1.1.2","package":"@cosine/analytics"}
INFO [2024-01-25T11:32:33.688Z]: project_reinitialize_start
INFO [2024-01-25T11:32:33.688Z]: {"agent":"cosine-vscode","version":"1.1.2","package":"@cosine/analytics"}
INFO [2024-01-25T11:32:35.203Z]: project_reinitialize_start
INFO [2024-01-25T11:32:35.203Z]: {"agent":"cosine-vscode","version":"1.1.2","package":"@cosine/analytics"}
INFO [2024-01-25T11:32:35.215Z]: project_reinitialize_start
INFO [2024-01-25T11:32:35.215Z]: {"agent":"cosine-vscode","version":"1.1.2","package":"@cosine/analytics"}
INFO [2024-01-25T11:32:35.226Z]: project_reinitialize_start
INFO [2024-01-25T11:32:35.226Z]: {"agent":"cosine-vscode","version":"1.1.2","package":"@cosine/analytics"}
INFO [2024-01-25T11:32:35.239Z]: project_reinitialize_start
INFO [2024-01-25T11:32:35.239Z]: {"agent":"cosine-vscode","version":"1.1.2","package":"@cosine/analytics"}
INFO [2024-01-25T11:32:37.536Z]: project_reinitialize_success
INFO [2024-01-25T11:32:37.536Z]: {"agent":"cosine-vscode","version":"1.1.2","package":"@cosine/analytics"}
INFO [2024-01-25T11:32:38.409Z]: project_reinitialize_success
INFO [2024-01-25T11:32:38.409Z]: {"agent":"cosine-vscode","version":"1.1.2","package":"@cosine/analytics"}
INFO [2024-01-25T11:32:38.688Z]: project_reinitialize_success
INFO [2024-01-25T11:32:38.688Z]: {"agent":"cosine-vscode","version":"1.1.2","package":"@cosine/analytics"}
INFO [2024-01-25T11:32:38.965Z]: project_reinitialize_success
INFO [2024-01-25T11:32:38.965Z]: {"agent":"cosine-vscode","version":"1.1.2","package":"@cosine/analytics"}
INFO [2024-01-25T11:32:39.274Z]: project_reinitialize_success
INFO [2024-01-25T11:32:39.275Z]: {"agent":"cosine-vscode","version":"1.1.2","package":"@cosine/analytics"}
INFO [2024-01-25T11:32:39.530Z]: project_reinitialize_success
INFO [2024-01-25T11:32:39.531Z]: {"agent":"cosine-vscode","version":"1.1.2","package":"@cosine/analytics"}
INFO [2024-01-25T11:32:39.798Z]: project_reinitialize_success
INFO [2024-01-25T11:32:39.798Z]: {"agent":"cosine-vscode","version":"1.1.2","package":"@cosine/analytics"}
INFO [2024-01-25T11:32:40.051Z]: project_reinitialize_success
INFO [2024-01-25T11:32:40.051Z]: {"agent":"cosine-vscode","version":"1.1.2","package":"@cosine/analytics"}
INFO [2024-01-25T11:32:40.298Z]: project_reinitialize_success
INFO [2024-01-25T11:32:40.298Z]: {"agent":"cosine-vscode","version":"1.1.2","package":"@cosine/analytics"}
INFO [2024-01-25T11:32:40.554Z]: project_reinitialize_success
INFO [2024-01-25T11:32:40.554Z]: {"agent":"cosine-vscode","version":"1.1.2","package":"@cosine/analytics"}
INFO [2024-01-25T11:32:40.820Z]: project_reinitialize_success
INFO [2024-01-25T11:32:40.820Z]: {"agent":"cosine-vscode","version":"1.1.2","package":"@cosine/analytics"}
INFO [2024-01-25T11:32:41.075Z]: project_reinitialize_success
INFO [2024-01-25T11:32:41.075Z]: {"agent":"cosine-vscode","version":"1.1.2","package":"@cosine/analytics"}
INFO [2024-01-25T11:32:41.338Z]: project_reinitialize_success
INFO [2024-01-25T11:32:41.338Z]: {"agent":"cosine-vscode","version":"1.1.2","package":"@cosine/analytics"}